<?xml version="1.0" encoding="UTF-8"?>
<!-- Generated by org.testng.reporters.JUnitReportReporter -->
<testsuite hostname="INLEN8520046048" failures="0" tests="3" name="com.testng.NewTestSwag" time="9.326" errors="0" timestamp="2023-08-23T17:38:02 IST" skipped="0">
  <testcase classname="com.testng.NewTestSwag" name="intializeBrowser" time="7.979"/>
  <testcase classname="com.testng.NewTestSwag" name="test1" time="0.852"/>
  <testcase classname="com.testng.NewTestSwag" name="teardown" time="0.495"/>
</testsuite> <!-- com.testng.NewTestSwag -->
