<?xml version="1.0" encoding="UTF-8"?>
<!-- Generated by org.testng.reporters.JUnitReportReporter -->
<testsuite hostname="INLEN8520046048" failures="0" tests="1" name="Repository.RepoTest" time="8.908" errors="0" timestamp="2023-08-25T11:34:45 IST" skipped="0">
  <testcase classname="Repository.RepoTest" name="testObj" time="8.908"/>
</testsuite> <!-- Repository.RepoTest -->
