<?xml version="1.0" encoding="UTF-8"?>
<!-- Generated by org.testng.reporters.JUnitReportReporter -->
<testsuite hostname="INLEN8520046048" failures="0" tests="1" name="pageFactory.LoginPF" time="8.761" errors="0" timestamp="2023-08-28T11:40:03 IST" skipped="0">
  <testcase classname="pageFactory.LoginPF" name="verifyswag" time="8.761"/>
</testsuite> <!-- pageFactory.LoginPF -->
