<?xml version="1.0" encoding="UTF-8"?>
<!-- Generated by org.testng.reporters.JUnitReportReporter -->
<testsuite hostname="INLEN8520046048" failures="0" tests="2" name="com.testng.Dataprovidertest" time="13.203" errors="0" timestamp="2023-08-24T11:56:11 IST" skipped="0">
  <testcase classname="com.testng.Dataprovidertest" name="intializeBrowser" time="9.107"/>
  <testcase classname="com.testng.Dataprovidertest" name="test1" time="4.096"/>
</testsuite> <!-- com.testng.Dataprovidertest -->
