<?xml version="1.0" encoding="UTF-8"?>
<!-- Generated by org.testng.reporters.JUnitReportReporter -->
<testsuite hostname="INLEN8520046048" failures="0" tests="2" name="com.testng.CrossBrowserTest" time="4.790" errors="0" timestamp="2023-08-24T14:57:30 IST" skipped="0">
  <testcase classname="com.testng.CrossBrowserTest" name="imageopt" time="2.462"/>
  <testcase classname="com.testng.CrossBrowserTest" name="imageopt" time="2.328"/>
</testsuite> <!-- com.testng.CrossBrowserTest -->
