<?xml version="1.0" encoding="UTF-8"?>
<!-- Generated by org.testng.reporters.JUnitReportReporter -->
<testsuite hostname="INLEN8520046048" failures="0" tests="7" name="com.testng.ThreadPoolTest" time="0.063" errors="0" timestamp="2023-08-24T12:08:37 IST" skipped="0">
  <testcase classname="com.testng.ThreadPoolTest" name="log" time="0.012"/>
  <testcase classname="com.testng.ThreadPoolTest" name="log" time="0.012"/>
  <testcase classname="com.testng.ThreadPoolTest" name="log" time="0.013"/>
  <testcase classname="com.testng.ThreadPoolTest" name="log" time="0.014"/>
  <testcase classname="com.testng.ThreadPoolTest" name="search" time="0.004"/>
  <testcase classname="com.testng.ThreadPoolTest" name="addtocart" time="0.005"/>
  <testcase classname="com.testng.ThreadPoolTest" name="checkout" time="0.003"/>
</testsuite> <!-- com.testng.ThreadPoolTest -->
