<?xml version="1.0" encoding="UTF-8"?>
<!-- Generated by org.testng.reporters.JUnitReportReporter -->
<testsuite hostname="INLEN8520046048" failures="0" tests="1" name="com.Pages.VerifyLog" time="30.143" errors="0" timestamp="2023-08-24T17:19:09 IST" skipped="0">
  <testcase classname="com.Pages.VerifyLog" name="testLog" time="30.143"/>
</testsuite> <!-- com.Pages.VerifyLog -->
