<?xml version="1.0" encoding="UTF-8"?>
<!-- Generated by org.testng.reporters.JUnitReportReporter -->
<testsuite hostname="INLEN8520046048" failures="0" tests="4" name="com.testng.GroupTest" time="0.032" errors="0" timestamp="2023-08-24T10:10:19 IST" skipped="0">
  <testcase classname="com.testng.GroupTest" name="checkout" time="0.003"/>
  <testcase classname="com.testng.GroupTest" name="search" time="0.003"/>
  <testcase classname="com.testng.GroupTest" name="log" time="0.003"/>
  <testcase classname="com.testng.GroupTest" name="addtocart" time="0.023"/>
</testsuite> <!-- com.testng.GroupTest -->
