<?xml version="1.0" encoding="UTF-8"?>
<!-- Generated by org.testng.reporters.JUnitReportReporter -->
<testsuite hostname="INLEN8520046048" failures="0" tests="1" name="com.testng.NewTest1" time="0.018" errors="0" timestamp="2023-08-23T14:30:35 IST" skipped="0">
  <testcase classname="com.testng.NewTest1" name="samplemethod" time="0.018"/>
</testsuite> <!-- com.testng.NewTest1 -->
