<?xml version="1.0" encoding="UTF-8"?>
<!-- Generated by org.testng.reporters.JUnitReportReporter -->
<testsuite hostname="INLEN8520046048" failures="0" tests="1" name="com.testng.AddtoCart" time="0.354" errors="0" timestamp="2023-08-23T16:35:20 IST" skipped="0">
  <testcase classname="com.testng.AddtoCart" name="test1" time="0.354"/>
</testsuite> <!-- com.testng.AddtoCart -->
